CRITICAL - 2024-05-22 08:10:31 --> BadMethodCallException: Call to undefined method App\Models\ModelMenu::getResultArray
in SYSTEMPATH\Model.php on line 874.
 1 APPPATH\Models\ModelMenu.php(28): CodeIgniter\Model->__call('getResultArray', [])
 2 APPPATH\Controllers\Menu.php(22): App\Models\ModelMenu->getMenu()
 3 SYSTEMPATH\CodeIgniter.php(941): App\Controllers\Menu->get_menu()
 4 SYSTEMPATH\CodeIgniter.php(502): CodeIgniter\CodeIgniter->runController(Object(App\Controllers\Menu))
 5 SYSTEMPATH\CodeIgniter.php(361): CodeIgniter\CodeIgniter->handleRequest(null, Object(Config\Cache), false)
 6 FCPATH\index.php(79): CodeIgniter\CodeIgniter->run()
ERROR - 2024-05-22 14:18:11 --> mysqli_sql_exception: Column 'tanggal' cannot be null in C:\xampp\htdocs\api\system\Database\MySQLi\Connection.php:306
Stack trace:
#0 C:\xampp\htdocs\api\system\Database\MySQLi\Connection.php(306): mysqli->query('INSERT INTO `bo...', 0)
#1 C:\xampp\htdocs\api\system\Database\BaseConnection.php(693): CodeIgniter\Database\MySQLi\Connection->execute('INSERT INTO `bo...')
#2 C:\xampp\htdocs\api\system\Database\BaseConnection.php(607): CodeIgniter\Database\BaseConnection->simpleQuery('INSERT INTO `bo...')
#3 C:\xampp\htdocs\api\system\Database\BaseBuilder.php(2307): CodeIgniter\Database\BaseConnection->query('INSERT INTO `bo...', Array, false)
#4 C:\xampp\htdocs\api\app\Models\ModelBooking.php(49): CodeIgniter\Database\BaseBuilder->insert(Array)
#5 C:\xampp\htdocs\api\app\Controllers\Booking.php(38): App\Models\ModelBooking->insert_booking(Array)
#6 C:\xampp\htdocs\api\system\CodeIgniter.php(941): App\Controllers\Booking->insert()
#7 C:\xampp\htdocs\api\system\CodeIgniter.php(502): CodeIgniter\CodeIgniter->runController(Object(App\Controllers\Booking))
#8 C:\xampp\htdocs\api\system\CodeIgniter.php(361): CodeIgniter\CodeIgniter->handleRequest(NULL, Object(Config\Cache), false)
#9 C:\xampp\htdocs\api\index.php(79): CodeIgniter\CodeIgniter->run()
#10 {main}
CRITICAL - 2024-05-22 14:18:11 --> CodeIgniter\Database\Exceptions\DatabaseException: Column 'tanggal' cannot be null
in SYSTEMPATH\Database\BaseConnection.php on line 647.
 1 SYSTEMPATH\Database\BaseBuilder.php(2307): CodeIgniter\Database\BaseConnection->query('INSERT INTO `booking` (`tanggal`, `jam`, `service`, `kecamatan`, `alamat`, `akomodasi`, `status`, `customer_id`, `menu_id`, `created_at`, `updated_at`) VALUES (:tanggal:, :jam:, :service:, :kecamatan:, :alamat:, :akomodasi:, :status:, :customer_id:, :menu_id:, :created_at:, :updated_at:)', [...], false)
 2 APPPATH\Models\ModelBooking.php(49): CodeIgniter\Database\BaseBuilder->insert([...])
 3 APPPATH\Controllers\Booking.php(38): App\Models\ModelBooking->insert_booking([...])
 4 SYSTEMPATH\CodeIgniter.php(941): App\Controllers\Booking->insert()
 5 SYSTEMPATH\CodeIgniter.php(502): CodeIgniter\CodeIgniter->runController(Object(App\Controllers\Booking))
 6 SYSTEMPATH\CodeIgniter.php(361): CodeIgniter\CodeIgniter->handleRequest(null, Object(Config\Cache), false)
 7 FCPATH\index.php(79): CodeIgniter\CodeIgniter->run()
CRITICAL - 2024-05-22 14:18:11 --> [Caused by] CodeIgniter\Database\Exceptions\DatabaseException: Column 'tanggal' cannot be null
in SYSTEMPATH\Database\MySQLi\Connection.php on line 311.
 1 SYSTEMPATH\Database\BaseConnection.php(693): CodeIgniter\Database\MySQLi\Connection->execute('INSERT INTO `booking` (`tanggal`, `jam`, `service`, `kecamatan`, `alamat`, `akomodasi`, `status`, `customer_id`, `menu_id`, `created_at`, `updated_at`) VALUES (NULL, NULL, NULL, NULL, NULL, NULL, NULL, NULL, NULL, NULL, NULL)')
 2 SYSTEMPATH\Database\BaseConnection.php(607): CodeIgniter\Database\BaseConnection->simpleQuery('INSERT INTO `booking` (`tanggal`, `jam`, `service`, `kecamatan`, `alamat`, `akomodasi`, `status`, `customer_id`, `menu_id`, `created_at`, `updated_at`) VALUES (NULL, NULL, NULL, NULL, NULL, NULL, NULL, NULL, NULL, NULL, NULL)')
 3 SYSTEMPATH\Database\BaseBuilder.php(2307): CodeIgniter\Database\BaseConnection->query('INSERT INTO `booking` (`tanggal`, `jam`, `service`, `kecamatan`, `alamat`, `akomodasi`, `status`, `customer_id`, `menu_id`, `created_at`, `updated_at`) VALUES (:tanggal:, :jam:, :service:, :kecamatan:, :alamat:, :akomodasi:, :status:, :customer_id:, :menu_id:, :created_at:, :updated_at:)', [...], false)
 4 APPPATH\Models\ModelBooking.php(49): CodeIgniter\Database\BaseBuilder->insert([...])
 5 APPPATH\Controllers\Booking.php(38): App\Models\ModelBooking->insert_booking([...])
 6 SYSTEMPATH\CodeIgniter.php(941): App\Controllers\Booking->insert()
 7 SYSTEMPATH\CodeIgniter.php(502): CodeIgniter\CodeIgniter->runController(Object(App\Controllers\Booking))
 8 SYSTEMPATH\CodeIgniter.php(361): CodeIgniter\CodeIgniter->handleRequest(null, Object(Config\Cache), false)
 9 FCPATH\index.php(79): CodeIgniter\CodeIgniter->run()
CRITICAL - 2024-05-22 14:18:11 --> [Caused by] mysqli_sql_exception: Column 'tanggal' cannot be null
in SYSTEMPATH\Database\MySQLi\Connection.php on line 306.
 1 SYSTEMPATH\Database\MySQLi\Connection.php(306): mysqli->query('INSERT INTO `booking` (`tanggal`, `jam`, `service`, `kecamatan`, `alamat`, `akomodasi`, `status`, `customer_id`, `menu_id`, `created_at`, `updated_at`) VALUES (NULL, NULL, NULL, NULL, NULL, NULL, NULL, NULL, NULL, NULL, NULL)', 0)
 2 SYSTEMPATH\Database\BaseConnection.php(693): CodeIgniter\Database\MySQLi\Connection->execute('INSERT INTO `booking` (`tanggal`, `jam`, `service`, `kecamatan`, `alamat`, `akomodasi`, `status`, `customer_id`, `menu_id`, `created_at`, `updated_at`) VALUES (NULL, NULL, NULL, NULL, NULL, NULL, NULL, NULL, NULL, NULL, NULL)')
 3 SYSTEMPATH\Database\BaseConnection.php(607): CodeIgniter\Database\BaseConnection->simpleQuery('INSERT INTO `booking` (`tanggal`, `jam`, `service`, `kecamatan`, `alamat`, `akomodasi`, `status`, `customer_id`, `menu_id`, `created_at`, `updated_at`) VALUES (NULL, NULL, NULL, NULL, NULL, NULL, NULL, NULL, NULL, NULL, NULL)')
 4 SYSTEMPATH\Database\BaseBuilder.php(2307): CodeIgniter\Database\BaseConnection->query('INSERT INTO `booking` (`tanggal`, `jam`, `service`, `kecamatan`, `alamat`, `akomodasi`, `status`, `customer_id`, `menu_id`, `created_at`, `updated_at`) VALUES (:tanggal:, :jam:, :service:, :kecamatan:, :alamat:, :akomodasi:, :status:, :customer_id:, :menu_id:, :created_at:, :updated_at:)', [...], false)
 5 APPPATH\Models\ModelBooking.php(49): CodeIgniter\Database\BaseBuilder->insert([...])
 6 APPPATH\Controllers\Booking.php(38): App\Models\ModelBooking->insert_booking([...])
 7 SYSTEMPATH\CodeIgniter.php(941): App\Controllers\Booking->insert()
 8 SYSTEMPATH\CodeIgniter.php(502): CodeIgniter\CodeIgniter->runController(Object(App\Controllers\Booking))
 9 SYSTEMPATH\CodeIgniter.php(361): CodeIgniter\CodeIgniter->handleRequest(null, Object(Config\Cache), false)
10 FCPATH\index.php(79): CodeIgniter\CodeIgniter->run()
ERROR - 2024-05-22 14:18:15 --> mysqli_sql_exception: Column 'tanggal' cannot be null in C:\xampp\htdocs\api\system\Database\MySQLi\Connection.php:306
Stack trace:
#0 C:\xampp\htdocs\api\system\Database\MySQLi\Connection.php(306): mysqli->query('INSERT INTO `bo...', 0)
#1 C:\xampp\htdocs\api\system\Database\BaseConnection.php(693): CodeIgniter\Database\MySQLi\Connection->execute('INSERT INTO `bo...')
#2 C:\xampp\htdocs\api\system\Database\BaseConnection.php(607): CodeIgniter\Database\BaseConnection->simpleQuery('INSERT INTO `bo...')
#3 C:\xampp\htdocs\api\system\Database\BaseBuilder.php(2307): CodeIgniter\Database\BaseConnection->query('INSERT INTO `bo...', Array, false)
#4 C:\xampp\htdocs\api\app\Models\ModelBooking.php(49): CodeIgniter\Database\BaseBuilder->insert(Array)
#5 C:\xampp\htdocs\api\app\Controllers\Booking.php(38): App\Models\ModelBooking->insert_booking(Array)
#6 C:\xampp\htdocs\api\system\CodeIgniter.php(941): App\Controllers\Booking->insert()
#7 C:\xampp\htdocs\api\system\CodeIgniter.php(502): CodeIgniter\CodeIgniter->runController(Object(App\Controllers\Booking))
#8 C:\xampp\htdocs\api\system\CodeIgniter.php(361): CodeIgniter\CodeIgniter->handleRequest(NULL, Object(Config\Cache), false)
#9 C:\xampp\htdocs\api\index.php(79): CodeIgniter\CodeIgniter->run()
#10 {main}
CRITICAL - 2024-05-22 14:18:15 --> CodeIgniter\Database\Exceptions\DatabaseException: Column 'tanggal' cannot be null
in SYSTEMPATH\Database\BaseConnection.php on line 647.
 1 SYSTEMPATH\Database\BaseBuilder.php(2307): CodeIgniter\Database\BaseConnection->query('INSERT INTO `booking` (`tanggal`, `jam`, `service`, `kecamatan`, `alamat`, `akomodasi`, `status`, `customer_id`, `menu_id`, `created_at`, `updated_at`) VALUES (:tanggal:, :jam:, :service:, :kecamatan:, :alamat:, :akomodasi:, :status:, :customer_id:, :menu_id:, :created_at:, :updated_at:)', [...], false)
 2 APPPATH\Models\ModelBooking.php(49): CodeIgniter\Database\BaseBuilder->insert([...])
 3 APPPATH\Controllers\Booking.php(38): App\Models\ModelBooking->insert_booking([...])
 4 SYSTEMPATH\CodeIgniter.php(941): App\Controllers\Booking->insert()
 5 SYSTEMPATH\CodeIgniter.php(502): CodeIgniter\CodeIgniter->runController(Object(App\Controllers\Booking))
 6 SYSTEMPATH\CodeIgniter.php(361): CodeIgniter\CodeIgniter->handleRequest(null, Object(Config\Cache), false)
 7 FCPATH\index.php(79): CodeIgniter\CodeIgniter->run()
CRITICAL - 2024-05-22 14:18:15 --> [Caused by] CodeIgniter\Database\Exceptions\DatabaseException: Column 'tanggal' cannot be null
in SYSTEMPATH\Database\MySQLi\Connection.php on line 311.
 1 SYSTEMPATH\Database\BaseConnection.php(693): CodeIgniter\Database\MySQLi\Connection->execute('INSERT INTO `booking` (`tanggal`, `jam`, `service`, `kecamatan`, `alamat`, `akomodasi`, `status`, `customer_id`, `menu_id`, `created_at`, `updated_at`) VALUES (NULL, NULL, NULL, NULL, NULL, NULL, NULL, NULL, NULL, NULL, NULL)')
 2 SYSTEMPATH\Database\BaseConnection.php(607): CodeIgniter\Database\BaseConnection->simpleQuery('INSERT INTO `booking` (`tanggal`, `jam`, `service`, `kecamatan`, `alamat`, `akomodasi`, `status`, `customer_id`, `menu_id`, `created_at`, `updated_at`) VALUES (NULL, NULL, NULL, NULL, NULL, NULL, NULL, NULL, NULL, NULL, NULL)')
 3 SYSTEMPATH\Database\BaseBuilder.php(2307): CodeIgniter\Database\BaseConnection->query('INSERT INTO `booking` (`tanggal`, `jam`, `service`, `kecamatan`, `alamat`, `akomodasi`, `status`, `customer_id`, `menu_id`, `created_at`, `updated_at`) VALUES (:tanggal:, :jam:, :service:, :kecamatan:, :alamat:, :akomodasi:, :status:, :customer_id:, :menu_id:, :created_at:, :updated_at:)', [...], false)
 4 APPPATH\Models\ModelBooking.php(49): CodeIgniter\Database\BaseBuilder->insert([...])
 5 APPPATH\Controllers\Booking.php(38): App\Models\ModelBooking->insert_booking([...])
 6 SYSTEMPATH\CodeIgniter.php(941): App\Controllers\Booking->insert()
 7 SYSTEMPATH\CodeIgniter.php(502): CodeIgniter\CodeIgniter->runController(Object(App\Controllers\Booking))
 8 SYSTEMPATH\CodeIgniter.php(361): CodeIgniter\CodeIgniter->handleRequest(null, Object(Config\Cache), false)
 9 FCPATH\index.php(79): CodeIgniter\CodeIgniter->run()
CRITICAL - 2024-05-22 14:18:15 --> [Caused by] mysqli_sql_exception: Column 'tanggal' cannot be null
in SYSTEMPATH\Database\MySQLi\Connection.php on line 306.
 1 SYSTEMPATH\Database\MySQLi\Connection.php(306): mysqli->query('INSERT INTO `booking` (`tanggal`, `jam`, `service`, `kecamatan`, `alamat`, `akomodasi`, `status`, `customer_id`, `menu_id`, `created_at`, `updated_at`) VALUES (NULL, NULL, NULL, NULL, NULL, NULL, NULL, NULL, NULL, NULL, NULL)', 0)
 2 SYSTEMPATH\Database\BaseConnection.php(693): CodeIgniter\Database\MySQLi\Connection->execute('INSERT INTO `booking` (`tanggal`, `jam`, `service`, `kecamatan`, `alamat`, `akomodasi`, `status`, `customer_id`, `menu_id`, `created_at`, `updated_at`) VALUES (NULL, NULL, NULL, NULL, NULL, NULL, NULL, NULL, NULL, NULL, NULL)')
 3 SYSTEMPATH\Database\BaseConnection.php(607): CodeIgniter\Database\BaseConnection->simpleQuery('INSERT INTO `booking` (`tanggal`, `jam`, `service`, `kecamatan`, `alamat`, `akomodasi`, `status`, `customer_id`, `menu_id`, `created_at`, `updated_at`) VALUES (NULL, NULL, NULL, NULL, NULL, NULL, NULL, NULL, NULL, NULL, NULL)')
 4 SYSTEMPATH\Database\BaseBuilder.php(2307): CodeIgniter\Database\BaseConnection->query('INSERT INTO `booking` (`tanggal`, `jam`, `service`, `kecamatan`, `alamat`, `akomodasi`, `status`, `customer_id`, `menu_id`, `created_at`, `updated_at`) VALUES (:tanggal:, :jam:, :service:, :kecamatan:, :alamat:, :akomodasi:, :status:, :customer_id:, :menu_id:, :created_at:, :updated_at:)', [...], false)
 5 APPPATH\Models\ModelBooking.php(49): CodeIgniter\Database\BaseBuilder->insert([...])
 6 APPPATH\Controllers\Booking.php(38): App\Models\ModelBooking->insert_booking([...])
 7 SYSTEMPATH\CodeIgniter.php(941): App\Controllers\Booking->insert()
 8 SYSTEMPATH\CodeIgniter.php(502): CodeIgniter\CodeIgniter->runController(Object(App\Controllers\Booking))
 9 SYSTEMPATH\CodeIgniter.php(361): CodeIgniter\CodeIgniter->handleRequest(null, Object(Config\Cache), false)
10 FCPATH\index.php(79): CodeIgniter\CodeIgniter->run()
ERROR - 2024-05-22 14:21:24 --> mysqli_sql_exception: Column 'jam' cannot be null in C:\xampp\htdocs\api\system\Database\MySQLi\Connection.php:306
Stack trace:
#0 C:\xampp\htdocs\api\system\Database\MySQLi\Connection.php(306): mysqli->query('INSERT INTO `bo...', 0)
#1 C:\xampp\htdocs\api\system\Database\BaseConnection.php(693): CodeIgniter\Database\MySQLi\Connection->execute('INSERT INTO `bo...')
#2 C:\xampp\htdocs\api\system\Database\BaseConnection.php(607): CodeIgniter\Database\BaseConnection->simpleQuery('INSERT INTO `bo...')
#3 C:\xampp\htdocs\api\system\Database\BaseBuilder.php(2307): CodeIgniter\Database\BaseConnection->query('INSERT INTO `bo...', Array, false)
#4 C:\xampp\htdocs\api\app\Models\ModelBooking.php(49): CodeIgniter\Database\BaseBuilder->insert(Array)
#5 C:\xampp\htdocs\api\app\Controllers\Booking.php(38): App\Models\ModelBooking->insert_booking(Array)
#6 C:\xampp\htdocs\api\system\CodeIgniter.php(941): App\Controllers\Booking->insert()
#7 C:\xampp\htdocs\api\system\CodeIgniter.php(502): CodeIgniter\CodeIgniter->runController(Object(App\Controllers\Booking))
#8 C:\xampp\htdocs\api\system\CodeIgniter.php(361): CodeIgniter\CodeIgniter->handleRequest(NULL, Object(Config\Cache), false)
#9 C:\xampp\htdocs\api\index.php(79): CodeIgniter\CodeIgniter->run()
#10 {main}
CRITICAL - 2024-05-22 14:21:24 --> CodeIgniter\Database\Exceptions\DatabaseException: Column 'jam' cannot be null
in SYSTEMPATH\Database\BaseConnection.php on line 647.
 1 SYSTEMPATH\Database\BaseBuilder.php(2307): CodeIgniter\Database\BaseConnection->query('INSERT INTO `booking` (`tanggal`, `jam`, `service`, `kecamatan`, `alamat`, `akomodasi`, `status`, `customer_id`, `menu_id`, `created_at`, `updated_at`) VALUES (:tanggal:, :jam:, :service:, :kecamatan:, :alamat:, :akomodasi:, :status:, :customer_id:, :menu_id:, :created_at:, :updated_at:)', [...], false)
 2 APPPATH\Models\ModelBooking.php(49): CodeIgniter\Database\BaseBuilder->insert([...])
 3 APPPATH\Controllers\Booking.php(38): App\Models\ModelBooking->insert_booking([...])
 4 SYSTEMPATH\CodeIgniter.php(941): App\Controllers\Booking->insert()
 5 SYSTEMPATH\CodeIgniter.php(502): CodeIgniter\CodeIgniter->runController(Object(App\Controllers\Booking))
 6 SYSTEMPATH\CodeIgniter.php(361): CodeIgniter\CodeIgniter->handleRequest(null, Object(Config\Cache), false)
 7 FCPATH\index.php(79): CodeIgniter\CodeIgniter->run()
CRITICAL - 2024-05-22 14:21:24 --> [Caused by] CodeIgniter\Database\Exceptions\DatabaseException: Column 'jam' cannot be null
in SYSTEMPATH\Database\MySQLi\Connection.php on line 311.
 1 SYSTEMPATH\Database\BaseConnection.php(693): CodeIgniter\Database\MySQLi\Connection->execute('INSERT INTO `booking` (`tanggal`, `jam`, `service`, `kecamatan`, `alamat`, `akomodasi`, `status`, `customer_id`, `menu_id`, `created_at`, `updated_at`) VALUES (\'20-03-2050\', NULL, \'Home Service\', \'ajung\', \'ajung\', \'25000\', \'belum bayar\', \'Booking123\', \'menu123\', \'asdasd\', \'asdasd\')')
 2 SYSTEMPATH\Database\BaseConnection.php(607): CodeIgniter\Database\BaseConnection->simpleQuery('INSERT INTO `booking` (`tanggal`, `jam`, `service`, `kecamatan`, `alamat`, `akomodasi`, `status`, `customer_id`, `menu_id`, `created_at`, `updated_at`) VALUES (\'20-03-2050\', NULL, \'Home Service\', \'ajung\', \'ajung\', \'25000\', \'belum bayar\', \'Booking123\', \'menu123\', \'asdasd\', \'asdasd\')')
 3 SYSTEMPATH\Database\BaseBuilder.php(2307): CodeIgniter\Database\BaseConnection->query('INSERT INTO `booking` (`tanggal`, `jam`, `service`, `kecamatan`, `alamat`, `akomodasi`, `status`, `customer_id`, `menu_id`, `created_at`, `updated_at`) VALUES (:tanggal:, :jam:, :service:, :kecamatan:, :alamat:, :akomodasi:, :status:, :customer_id:, :menu_id:, :created_at:, :updated_at:)', [...], false)
 4 APPPATH\Models\ModelBooking.php(49): CodeIgniter\Database\BaseBuilder->insert([...])
 5 APPPATH\Controllers\Booking.php(38): App\Models\ModelBooking->insert_booking([...])
 6 SYSTEMPATH\CodeIgniter.php(941): App\Controllers\Booking->insert()
 7 SYSTEMPATH\CodeIgniter.php(502): CodeIgniter\CodeIgniter->runController(Object(App\Controllers\Booking))
 8 SYSTEMPATH\CodeIgniter.php(361): CodeIgniter\CodeIgniter->handleRequest(null, Object(Config\Cache), false)
 9 FCPATH\index.php(79): CodeIgniter\CodeIgniter->run()
CRITICAL - 2024-05-22 14:21:24 --> [Caused by] mysqli_sql_exception: Column 'jam' cannot be null
in SYSTEMPATH\Database\MySQLi\Connection.php on line 306.
 1 SYSTEMPATH\Database\MySQLi\Connection.php(306): mysqli->query('INSERT INTO `booking` (`tanggal`, `jam`, `service`, `kecamatan`, `alamat`, `akomodasi`, `status`, `customer_id`, `menu_id`, `created_at`, `updated_at`) VALUES (\'20-03-2050\', NULL, \'Home Service\', \'ajung\', \'ajung\', \'25000\', \'belum bayar\', \'Booking123\', \'menu123\', \'asdasd\', \'asdasd\')', 0)
 2 SYSTEMPATH\Database\BaseConnection.php(693): CodeIgniter\Database\MySQLi\Connection->execute('INSERT INTO `booking` (`tanggal`, `jam`, `service`, `kecamatan`, `alamat`, `akomodasi`, `status`, `customer_id`, `menu_id`, `created_at`, `updated_at`) VALUES (\'20-03-2050\', NULL, \'Home Service\', \'ajung\', \'ajung\', \'25000\', \'belum bayar\', \'Booking123\', \'menu123\', \'asdasd\', \'asdasd\')')
 3 SYSTEMPATH\Database\BaseConnection.php(607): CodeIgniter\Database\BaseConnection->simpleQuery('INSERT INTO `booking` (`tanggal`, `jam`, `service`, `kecamatan`, `alamat`, `akomodasi`, `status`, `customer_id`, `menu_id`, `created_at`, `updated_at`) VALUES (\'20-03-2050\', NULL, \'Home Service\', \'ajung\', \'ajung\', \'25000\', \'belum bayar\', \'Booking123\', \'menu123\', \'asdasd\', \'asdasd\')')
 4 SYSTEMPATH\Database\BaseBuilder.php(2307): CodeIgniter\Database\BaseConnection->query('INSERT INTO `booking` (`tanggal`, `jam`, `service`, `kecamatan`, `alamat`, `akomodasi`, `status`, `customer_id`, `menu_id`, `created_at`, `updated_at`) VALUES (:tanggal:, :jam:, :service:, :kecamatan:, :alamat:, :akomodasi:, :status:, :customer_id:, :menu_id:, :created_at:, :updated_at:)', [...], false)
 5 APPPATH\Models\ModelBooking.php(49): CodeIgniter\Database\BaseBuilder->insert([...])
 6 APPPATH\Controllers\Booking.php(38): App\Models\ModelBooking->insert_booking([...])
 7 SYSTEMPATH\CodeIgniter.php(941): App\Controllers\Booking->insert()
 8 SYSTEMPATH\CodeIgniter.php(502): CodeIgniter\CodeIgniter->runController(Object(App\Controllers\Booking))
 9 SYSTEMPATH\CodeIgniter.php(361): CodeIgniter\CodeIgniter->handleRequest(null, Object(Config\Cache), false)
10 FCPATH\index.php(79): CodeIgniter\CodeIgniter->run()
ERROR - 2024-05-22 14:21:34 --> mysqli_sql_exception: Column 'jam' cannot be null in C:\xampp\htdocs\api\system\Database\MySQLi\Connection.php:306
Stack trace:
#0 C:\xampp\htdocs\api\system\Database\MySQLi\Connection.php(306): mysqli->query('INSERT INTO `bo...', 0)
#1 C:\xampp\htdocs\api\system\Database\BaseConnection.php(693): CodeIgniter\Database\MySQLi\Connection->execute('INSERT INTO `bo...')
#2 C:\xampp\htdocs\api\system\Database\BaseConnection.php(607): CodeIgniter\Database\BaseConnection->simpleQuery('INSERT INTO `bo...')
#3 C:\xampp\htdocs\api\system\Database\BaseBuilder.php(2307): CodeIgniter\Database\BaseConnection->query('INSERT INTO `bo...', Array, false)
#4 C:\xampp\htdocs\api\app\Models\ModelBooking.php(49): CodeIgniter\Database\BaseBuilder->insert(Array)
#5 C:\xampp\htdocs\api\app\Controllers\Booking.php(38): App\Models\ModelBooking->insert_booking(Array)
#6 C:\xampp\htdocs\api\system\CodeIgniter.php(941): App\Controllers\Booking->insert()
#7 C:\xampp\htdocs\api\system\CodeIgniter.php(502): CodeIgniter\CodeIgniter->runController(Object(App\Controllers\Booking))
#8 C:\xampp\htdocs\api\system\CodeIgniter.php(361): CodeIgniter\CodeIgniter->handleRequest(NULL, Object(Config\Cache), false)
#9 C:\xampp\htdocs\api\index.php(79): CodeIgniter\CodeIgniter->run()
#10 {main}
CRITICAL - 2024-05-22 14:21:34 --> CodeIgniter\Database\Exceptions\DatabaseException: Column 'jam' cannot be null
in SYSTEMPATH\Database\BaseConnection.php on line 647.
 1 SYSTEMPATH\Database\BaseBuilder.php(2307): CodeIgniter\Database\BaseConnection->query('INSERT INTO `booking` (`tanggal`, `jam`, `service`, `kecamatan`, `alamat`, `akomodasi`, `status`, `customer_id`, `menu_id`, `created_at`, `updated_at`) VALUES (:tanggal:, :jam:, :service:, :kecamatan:, :alamat:, :akomodasi:, :status:, :customer_id:, :menu_id:, :created_at:, :updated_at:)', [...], false)
 2 APPPATH\Models\ModelBooking.php(49): CodeIgniter\Database\BaseBuilder->insert([...])
 3 APPPATH\Controllers\Booking.php(38): App\Models\ModelBooking->insert_booking([...])
 4 SYSTEMPATH\CodeIgniter.php(941): App\Controllers\Booking->insert()
 5 SYSTEMPATH\CodeIgniter.php(502): CodeIgniter\CodeIgniter->runController(Object(App\Controllers\Booking))
 6 SYSTEMPATH\CodeIgniter.php(361): CodeIgniter\CodeIgniter->handleRequest(null, Object(Config\Cache), false)
 7 FCPATH\index.php(79): CodeIgniter\CodeIgniter->run()
CRITICAL - 2024-05-22 14:21:34 --> [Caused by] CodeIgniter\Database\Exceptions\DatabaseException: Column 'jam' cannot be null
in SYSTEMPATH\Database\MySQLi\Connection.php on line 311.
 1 SYSTEMPATH\Database\BaseConnection.php(693): CodeIgniter\Database\MySQLi\Connection->execute('INSERT INTO `booking` (`tanggal`, `jam`, `service`, `kecamatan`, `alamat`, `akomodasi`, `status`, `customer_id`, `menu_id`, `created_at`, `updated_at`) VALUES (\'20-03-2050\', NULL, \'Home Service\', \'ajung\', \'ajung\', \'25000\', \'belum bayar\', \'Booking123\', \'menu123\', \'asdasd\', \'asdasd\')')
 2 SYSTEMPATH\Database\BaseConnection.php(607): CodeIgniter\Database\BaseConnection->simpleQuery('INSERT INTO `booking` (`tanggal`, `jam`, `service`, `kecamatan`, `alamat`, `akomodasi`, `status`, `customer_id`, `menu_id`, `created_at`, `updated_at`) VALUES (\'20-03-2050\', NULL, \'Home Service\', \'ajung\', \'ajung\', \'25000\', \'belum bayar\', \'Booking123\', \'menu123\', \'asdasd\', \'asdasd\')')
 3 SYSTEMPATH\Database\BaseBuilder.php(2307): CodeIgniter\Database\BaseConnection->query('INSERT INTO `booking` (`tanggal`, `jam`, `service`, `kecamatan`, `alamat`, `akomodasi`, `status`, `customer_id`, `menu_id`, `created_at`, `updated_at`) VALUES (:tanggal:, :jam:, :service:, :kecamatan:, :alamat:, :akomodasi:, :status:, :customer_id:, :menu_id:, :created_at:, :updated_at:)', [...], false)
 4 APPPATH\Models\ModelBooking.php(49): CodeIgniter\Database\BaseBuilder->insert([...])
 5 APPPATH\Controllers\Booking.php(38): App\Models\ModelBooking->insert_booking([...])
 6 SYSTEMPATH\CodeIgniter.php(941): App\Controllers\Booking->insert()
 7 SYSTEMPATH\CodeIgniter.php(502): CodeIgniter\CodeIgniter->runController(Object(App\Controllers\Booking))
 8 SYSTEMPATH\CodeIgniter.php(361): CodeIgniter\CodeIgniter->handleRequest(null, Object(Config\Cache), false)
 9 FCPATH\index.php(79): CodeIgniter\CodeIgniter->run()
CRITICAL - 2024-05-22 14:21:34 --> [Caused by] mysqli_sql_exception: Column 'jam' cannot be null
in SYSTEMPATH\Database\MySQLi\Connection.php on line 306.
 1 SYSTEMPATH\Database\MySQLi\Connection.php(306): mysqli->query('INSERT INTO `booking` (`tanggal`, `jam`, `service`, `kecamatan`, `alamat`, `akomodasi`, `status`, `customer_id`, `menu_id`, `created_at`, `updated_at`) VALUES (\'20-03-2050\', NULL, \'Home Service\', \'ajung\', \'ajung\', \'25000\', \'belum bayar\', \'Booking123\', \'menu123\', \'asdasd\', \'asdasd\')', 0)
 2 SYSTEMPATH\Database\BaseConnection.php(693): CodeIgniter\Database\MySQLi\Connection->execute('INSERT INTO `booking` (`tanggal`, `jam`, `service`, `kecamatan`, `alamat`, `akomodasi`, `status`, `customer_id`, `menu_id`, `created_at`, `updated_at`) VALUES (\'20-03-2050\', NULL, \'Home Service\', \'ajung\', \'ajung\', \'25000\', \'belum bayar\', \'Booking123\', \'menu123\', \'asdasd\', \'asdasd\')')
 3 SYSTEMPATH\Database\BaseConnection.php(607): CodeIgniter\Database\BaseConnection->simpleQuery('INSERT INTO `booking` (`tanggal`, `jam`, `service`, `kecamatan`, `alamat`, `akomodasi`, `status`, `customer_id`, `menu_id`, `created_at`, `updated_at`) VALUES (\'20-03-2050\', NULL, \'Home Service\', \'ajung\', \'ajung\', \'25000\', \'belum bayar\', \'Booking123\', \'menu123\', \'asdasd\', \'asdasd\')')
 4 SYSTEMPATH\Database\BaseBuilder.php(2307): CodeIgniter\Database\BaseConnection->query('INSERT INTO `booking` (`tanggal`, `jam`, `service`, `kecamatan`, `alamat`, `akomodasi`, `status`, `customer_id`, `menu_id`, `created_at`, `updated_at`) VALUES (:tanggal:, :jam:, :service:, :kecamatan:, :alamat:, :akomodasi:, :status:, :customer_id:, :menu_id:, :created_at:, :updated_at:)', [...], false)
 5 APPPATH\Models\ModelBooking.php(49): CodeIgniter\Database\BaseBuilder->insert([...])
 6 APPPATH\Controllers\Booking.php(38): App\Models\ModelBooking->insert_booking([...])
 7 SYSTEMPATH\CodeIgniter.php(941): App\Controllers\Booking->insert()
 8 SYSTEMPATH\CodeIgniter.php(502): CodeIgniter\CodeIgniter->runController(Object(App\Controllers\Booking))
 9 SYSTEMPATH\CodeIgniter.php(361): CodeIgniter\CodeIgniter->handleRequest(null, Object(Config\Cache), false)
10 FCPATH\index.php(79): CodeIgniter\CodeIgniter->run()
ERROR - 2024-05-22 14:22:13 --> mysqli_sql_exception: Cannot add or update a child row: a foreign key constraint fails (`salonlilyan`.`booking`, CONSTRAINT `booking_menu_id_foreign` FOREIGN KEY (`menu_id`) REFERENCES `menu` (`id`) ON DELETE CASCADE) in C:\xampp\htdocs\api\system\Database\MySQLi\Connection.php:306
Stack trace:
#0 C:\xampp\htdocs\api\system\Database\MySQLi\Connection.php(306): mysqli->query('INSERT INTO `bo...', 0)
#1 C:\xampp\htdocs\api\system\Database\BaseConnection.php(693): CodeIgniter\Database\MySQLi\Connection->execute('INSERT INTO `bo...')
#2 C:\xampp\htdocs\api\system\Database\BaseConnection.php(607): CodeIgniter\Database\BaseConnection->simpleQuery('INSERT INTO `bo...')
#3 C:\xampp\htdocs\api\system\Database\BaseBuilder.php(2307): CodeIgniter\Database\BaseConnection->query('INSERT INTO `bo...', Array, false)
#4 C:\xampp\htdocs\api\app\Models\ModelBooking.php(49): CodeIgniter\Database\BaseBuilder->insert(Array)
#5 C:\xampp\htdocs\api\app\Controllers\Booking.php(38): App\Models\ModelBooking->insert_booking(Array)
#6 C:\xampp\htdocs\api\system\CodeIgniter.php(941): App\Controllers\Booking->insert()
#7 C:\xampp\htdocs\api\system\CodeIgniter.php(502): CodeIgniter\CodeIgniter->runController(Object(App\Controllers\Booking))
#8 C:\xampp\htdocs\api\system\CodeIgniter.php(361): CodeIgniter\CodeIgniter->handleRequest(NULL, Object(Config\Cache), false)
#9 C:\xampp\htdocs\api\index.php(79): CodeIgniter\CodeIgniter->run()
#10 {main}
CRITICAL - 2024-05-22 14:22:13 --> CodeIgniter\Database\Exceptions\DatabaseException: Cannot add or update a child row: a foreign key constraint fails (`salonlilyan`.`booking`, CONSTRAINT `booking_menu_id_foreign` FOREIGN KEY (`menu_id`) REFERENCES `menu` (`id`) ON DELETE CASCADE)
in SYSTEMPATH\Database\BaseConnection.php on line 647.
 1 SYSTEMPATH\Database\BaseBuilder.php(2307): CodeIgniter\Database\BaseConnection->query('INSERT INTO `booking` (`tanggal`, `jam`, `service`, `kecamatan`, `alamat`, `akomodasi`, `status`, `customer_id`, `menu_id`, `created_at`, `updated_at`) VALUES (:tanggal:, :jam:, :service:, :kecamatan:, :alamat:, :akomodasi:, :status:, :customer_id:, :menu_id:, :created_at:, :updated_at:)', [...], false)
 2 APPPATH\Models\ModelBooking.php(49): CodeIgniter\Database\BaseBuilder->insert([...])
 3 APPPATH\Controllers\Booking.php(38): App\Models\ModelBooking->insert_booking([...])
 4 SYSTEMPATH\CodeIgniter.php(941): App\Controllers\Booking->insert()
 5 SYSTEMPATH\CodeIgniter.php(502): CodeIgniter\CodeIgniter->runController(Object(App\Controllers\Booking))
 6 SYSTEMPATH\CodeIgniter.php(361): CodeIgniter\CodeIgniter->handleRequest(null, Object(Config\Cache), false)
 7 FCPATH\index.php(79): CodeIgniter\CodeIgniter->run()
CRITICAL - 2024-05-22 14:22:13 --> [Caused by] CodeIgniter\Database\Exceptions\DatabaseException: Cannot add or update a child row: a foreign key constraint fails (`salonlilyan`.`booking`, CONSTRAINT `booking_menu_id_foreign` FOREIGN KEY (`menu_id`) REFERENCES `menu` (`id`) ON DELETE CASCADE)
in SYSTEMPATH\Database\MySQLi\Connection.php on line 311.
 1 SYSTEMPATH\Database\BaseConnection.php(693): CodeIgniter\Database\MySQLi\Connection->execute('INSERT INTO `booking` (`tanggal`, `jam`, `service`, `kecamatan`, `alamat`, `akomodasi`, `status`, `customer_id`, `menu_id`, `created_at`, `updated_at`) VALUES (\'20-03-2050\', \'20.03\', \'Home Service\', \'ajung\', \'ajung\', \'25000\', \'belum bayar\', \'Booking123\', \'menu123\', \'asdasd\', \'asdasd\')')
 2 SYSTEMPATH\Database\BaseConnection.php(607): CodeIgniter\Database\BaseConnection->simpleQuery('INSERT INTO `booking` (`tanggal`, `jam`, `service`, `kecamatan`, `alamat`, `akomodasi`, `status`, `customer_id`, `menu_id`, `created_at`, `updated_at`) VALUES (\'20-03-2050\', \'20.03\', \'Home Service\', \'ajung\', \'ajung\', \'25000\', \'belum bayar\', \'Booking123\', \'menu123\', \'asdasd\', \'asdasd\')')
 3 SYSTEMPATH\Database\BaseBuilder.php(2307): CodeIgniter\Database\BaseConnection->query('INSERT INTO `booking` (`tanggal`, `jam`, `service`, `kecamatan`, `alamat`, `akomodasi`, `status`, `customer_id`, `menu_id`, `created_at`, `updated_at`) VALUES (:tanggal:, :jam:, :service:, :kecamatan:, :alamat:, :akomodasi:, :status:, :customer_id:, :menu_id:, :created_at:, :updated_at:)', [...], false)
 4 APPPATH\Models\ModelBooking.php(49): CodeIgniter\Database\BaseBuilder->insert([...])
 5 APPPATH\Controllers\Booking.php(38): App\Models\ModelBooking->insert_booking([...])
 6 SYSTEMPATH\CodeIgniter.php(941): App\Controllers\Booking->insert()
 7 SYSTEMPATH\CodeIgniter.php(502): CodeIgniter\CodeIgniter->runController(Object(App\Controllers\Booking))
 8 SYSTEMPATH\CodeIgniter.php(361): CodeIgniter\CodeIgniter->handleRequest(null, Object(Config\Cache), false)
 9 FCPATH\index.php(79): CodeIgniter\CodeIgniter->run()
CRITICAL - 2024-05-22 14:22:13 --> [Caused by] mysqli_sql_exception: Cannot add or update a child row: a foreign key constraint fails (`salonlilyan`.`booking`, CONSTRAINT `booking_menu_id_foreign` FOREIGN KEY (`menu_id`) REFERENCES `menu` (`id`) ON DELETE CASCADE)
in SYSTEMPATH\Database\MySQLi\Connection.php on line 306.
 1 SYSTEMPATH\Database\MySQLi\Connection.php(306): mysqli->query('INSERT INTO `booking` (`tanggal`, `jam`, `service`, `kecamatan`, `alamat`, `akomodasi`, `status`, `customer_id`, `menu_id`, `created_at`, `updated_at`) VALUES (\'20-03-2050\', \'20.03\', \'Home Service\', \'ajung\', \'ajung\', \'25000\', \'belum bayar\', \'Booking123\', \'menu123\', \'asdasd\', \'asdasd\')', 0)
 2 SYSTEMPATH\Database\BaseConnection.php(693): CodeIgniter\Database\MySQLi\Connection->execute('INSERT INTO `booking` (`tanggal`, `jam`, `service`, `kecamatan`, `alamat`, `akomodasi`, `status`, `customer_id`, `menu_id`, `created_at`, `updated_at`) VALUES (\'20-03-2050\', \'20.03\', \'Home Service\', \'ajung\', \'ajung\', \'25000\', \'belum bayar\', \'Booking123\', \'menu123\', \'asdasd\', \'asdasd\')')
 3 SYSTEMPATH\Database\BaseConnection.php(607): CodeIgniter\Database\BaseConnection->simpleQuery('INSERT INTO `booking` (`tanggal`, `jam`, `service`, `kecamatan`, `alamat`, `akomodasi`, `status`, `customer_id`, `menu_id`, `created_at`, `updated_at`) VALUES (\'20-03-2050\', \'20.03\', \'Home Service\', \'ajung\', \'ajung\', \'25000\', \'belum bayar\', \'Booking123\', \'menu123\', \'asdasd\', \'asdasd\')')
 4 SYSTEMPATH\Database\BaseBuilder.php(2307): CodeIgniter\Database\BaseConnection->query('INSERT INTO `booking` (`tanggal`, `jam`, `service`, `kecamatan`, `alamat`, `akomodasi`, `status`, `customer_id`, `menu_id`, `created_at`, `updated_at`) VALUES (:tanggal:, :jam:, :service:, :kecamatan:, :alamat:, :akomodasi:, :status:, :customer_id:, :menu_id:, :created_at:, :updated_at:)', [...], false)
 5 APPPATH\Models\ModelBooking.php(49): CodeIgniter\Database\BaseBuilder->insert([...])
 6 APPPATH\Controllers\Booking.php(38): App\Models\ModelBooking->insert_booking([...])
 7 SYSTEMPATH\CodeIgniter.php(941): App\Controllers\Booking->insert()
 8 SYSTEMPATH\CodeIgniter.php(502): CodeIgniter\CodeIgniter->runController(Object(App\Controllers\Booking))
 9 SYSTEMPATH\CodeIgniter.php(361): CodeIgniter\CodeIgniter->handleRequest(null, Object(Config\Cache), false)
10 FCPATH\index.php(79): CodeIgniter\CodeIgniter->run()
ERROR - 2024-05-22 14:24:44 --> mysqli_sql_exception: Cannot add or update a child row: a foreign key constraint fails (`salonlilyan`.`booking`, CONSTRAINT `booking_customer_id_foreign` FOREIGN KEY (`customer_id`) REFERENCES `customer` (`id`) ON DELETE CASCADE) in C:\xampp\htdocs\api\system\Database\MySQLi\Connection.php:306
Stack trace:
#0 C:\xampp\htdocs\api\system\Database\MySQLi\Connection.php(306): mysqli->query('INSERT INTO `bo...', 0)
#1 C:\xampp\htdocs\api\system\Database\BaseConnection.php(693): CodeIgniter\Database\MySQLi\Connection->execute('INSERT INTO `bo...')
#2 C:\xampp\htdocs\api\system\Database\BaseConnection.php(607): CodeIgniter\Database\BaseConnection->simpleQuery('INSERT INTO `bo...')
#3 C:\xampp\htdocs\api\system\Database\BaseBuilder.php(2307): CodeIgniter\Database\BaseConnection->query('INSERT INTO `bo...', Array, false)
#4 C:\xampp\htdocs\api\app\Models\ModelBooking.php(49): CodeIgniter\Database\BaseBuilder->insert(Array)
#5 C:\xampp\htdocs\api\app\Controllers\Booking.php(38): App\Models\ModelBooking->insert_booking(Array)
#6 C:\xampp\htdocs\api\system\CodeIgniter.php(941): App\Controllers\Booking->insert()
#7 C:\xampp\htdocs\api\system\CodeIgniter.php(502): CodeIgniter\CodeIgniter->runController(Object(App\Controllers\Booking))
#8 C:\xampp\htdocs\api\system\CodeIgniter.php(361): CodeIgniter\CodeIgniter->handleRequest(NULL, Object(Config\Cache), false)
#9 C:\xampp\htdocs\api\index.php(79): CodeIgniter\CodeIgniter->run()
#10 {main}
CRITICAL - 2024-05-22 14:24:44 --> CodeIgniter\Database\Exceptions\DatabaseException: Cannot add or update a child row: a foreign key constraint fails (`salonlilyan`.`booking`, CONSTRAINT `booking_customer_id_foreign` FOREIGN KEY (`customer_id`) REFERENCES `customer` (`id`) ON DELETE CASCADE)
in SYSTEMPATH\Database\BaseConnection.php on line 647.
 1 SYSTEMPATH\Database\BaseBuilder.php(2307): CodeIgniter\Database\BaseConnection->query('INSERT INTO `booking` (`tanggal`, `jam`, `service`, `kecamatan`, `alamat`, `akomodasi`, `status`, `customer_id`, `menu_id`, `created_at`, `updated_at`) VALUES (:tanggal:, :jam:, :service:, :kecamatan:, :alamat:, :akomodasi:, :status:, :customer_id:, :menu_id:, :created_at:, :updated_at:)', [...], false)
 2 APPPATH\Models\ModelBooking.php(49): CodeIgniter\Database\BaseBuilder->insert([...])
 3 APPPATH\Controllers\Booking.php(38): App\Models\ModelBooking->insert_booking([...])
 4 SYSTEMPATH\CodeIgniter.php(941): App\Controllers\Booking->insert()
 5 SYSTEMPATH\CodeIgniter.php(502): CodeIgniter\CodeIgniter->runController(Object(App\Controllers\Booking))
 6 SYSTEMPATH\CodeIgniter.php(361): CodeIgniter\CodeIgniter->handleRequest(null, Object(Config\Cache), false)
 7 FCPATH\index.php(79): CodeIgniter\CodeIgniter->run()
CRITICAL - 2024-05-22 14:24:44 --> [Caused by] CodeIgniter\Database\Exceptions\DatabaseException: Cannot add or update a child row: a foreign key constraint fails (`salonlilyan`.`booking`, CONSTRAINT `booking_customer_id_foreign` FOREIGN KEY (`customer_id`) REFERENCES `customer` (`id`) ON DELETE CASCADE)
in SYSTEMPATH\Database\MySQLi\Connection.php on line 311.
 1 SYSTEMPATH\Database\BaseConnection.php(693): CodeIgniter\Database\MySQLi\Connection->execute('INSERT INTO `booking` (`tanggal`, `jam`, `service`, `kecamatan`, `alamat`, `akomodasi`, `status`, `customer_id`, `menu_id`, `created_at`, `updated_at`) VALUES (\'20-03-2050\', \'20.03\', \'Home Service\', \'ajung\', \'ajung\', \'25000\', \'belum bayar\', \'Booking123\', \'1\', \'asdasd\', \'asdasd\')')
 2 SYSTEMPATH\Database\BaseConnection.php(607): CodeIgniter\Database\BaseConnection->simpleQuery('INSERT INTO `booking` (`tanggal`, `jam`, `service`, `kecamatan`, `alamat`, `akomodasi`, `status`, `customer_id`, `menu_id`, `created_at`, `updated_at`) VALUES (\'20-03-2050\', \'20.03\', \'Home Service\', \'ajung\', \'ajung\', \'25000\', \'belum bayar\', \'Booking123\', \'1\', \'asdasd\', \'asdasd\')')
 3 SYSTEMPATH\Database\BaseBuilder.php(2307): CodeIgniter\Database\BaseConnection->query('INSERT INTO `booking` (`tanggal`, `jam`, `service`, `kecamatan`, `alamat`, `akomodasi`, `status`, `customer_id`, `menu_id`, `created_at`, `updated_at`) VALUES (:tanggal:, :jam:, :service:, :kecamatan:, :alamat:, :akomodasi:, :status:, :customer_id:, :menu_id:, :created_at:, :updated_at:)', [...], false)
 4 APPPATH\Models\ModelBooking.php(49): CodeIgniter\Database\BaseBuilder->insert([...])
 5 APPPATH\Controllers\Booking.php(38): App\Models\ModelBooking->insert_booking([...])
 6 SYSTEMPATH\CodeIgniter.php(941): App\Controllers\Booking->insert()
 7 SYSTEMPATH\CodeIgniter.php(502): CodeIgniter\CodeIgniter->runController(Object(App\Controllers\Booking))
 8 SYSTEMPATH\CodeIgniter.php(361): CodeIgniter\CodeIgniter->handleRequest(null, Object(Config\Cache), false)
 9 FCPATH\index.php(79): CodeIgniter\CodeIgniter->run()
CRITICAL - 2024-05-22 14:24:44 --> [Caused by] mysqli_sql_exception: Cannot add or update a child row: a foreign key constraint fails (`salonlilyan`.`booking`, CONSTRAINT `booking_customer_id_foreign` FOREIGN KEY (`customer_id`) REFERENCES `customer` (`id`) ON DELETE CASCADE)
in SYSTEMPATH\Database\MySQLi\Connection.php on line 306.
 1 SYSTEMPATH\Database\MySQLi\Connection.php(306): mysqli->query('INSERT INTO `booking` (`tanggal`, `jam`, `service`, `kecamatan`, `alamat`, `akomodasi`, `status`, `customer_id`, `menu_id`, `created_at`, `updated_at`) VALUES (\'20-03-2050\', \'20.03\', \'Home Service\', \'ajung\', \'ajung\', \'25000\', \'belum bayar\', \'Booking123\', \'1\', \'asdasd\', \'asdasd\')', 0)
 2 SYSTEMPATH\Database\BaseConnection.php(693): CodeIgniter\Database\MySQLi\Connection->execute('INSERT INTO `booking` (`tanggal`, `jam`, `service`, `kecamatan`, `alamat`, `akomodasi`, `status`, `customer_id`, `menu_id`, `created_at`, `updated_at`) VALUES (\'20-03-2050\', \'20.03\', \'Home Service\', \'ajung\', \'ajung\', \'25000\', \'belum bayar\', \'Booking123\', \'1\', \'asdasd\', \'asdasd\')')
 3 SYSTEMPATH\Database\BaseConnection.php(607): CodeIgniter\Database\BaseConnection->simpleQuery('INSERT INTO `booking` (`tanggal`, `jam`, `service`, `kecamatan`, `alamat`, `akomodasi`, `status`, `customer_id`, `menu_id`, `created_at`, `updated_at`) VALUES (\'20-03-2050\', \'20.03\', \'Home Service\', \'ajung\', \'ajung\', \'25000\', \'belum bayar\', \'Booking123\', \'1\', \'asdasd\', \'asdasd\')')
 4 SYSTEMPATH\Database\BaseBuilder.php(2307): CodeIgniter\Database\BaseConnection->query('INSERT INTO `booking` (`tanggal`, `jam`, `service`, `kecamatan`, `alamat`, `akomodasi`, `status`, `customer_id`, `menu_id`, `created_at`, `updated_at`) VALUES (:tanggal:, :jam:, :service:, :kecamatan:, :alamat:, :akomodasi:, :status:, :customer_id:, :menu_id:, :created_at:, :updated_at:)', [...], false)
 5 APPPATH\Models\ModelBooking.php(49): CodeIgniter\Database\BaseBuilder->insert([...])
 6 APPPATH\Controllers\Booking.php(38): App\Models\ModelBooking->insert_booking([...])
 7 SYSTEMPATH\CodeIgniter.php(941): App\Controllers\Booking->insert()
 8 SYSTEMPATH\CodeIgniter.php(502): CodeIgniter\CodeIgniter->runController(Object(App\Controllers\Booking))
 9 SYSTEMPATH\CodeIgniter.php(361): CodeIgniter\CodeIgniter->handleRequest(null, Object(Config\Cache), false)
10 FCPATH\index.php(79): CodeIgniter\CodeIgniter->run()
