ERROR - 2024-05-21 03:58:52 --> mysqli_sql_exception: Table 'salonlilyan.user' doesn't exist in C:\xampp\htdocs\api\system\Database\MySQLi\Connection.php:306
Stack trace:
#0 C:\xampp\htdocs\api\system\Database\MySQLi\Connection.php(306): mysqli->query('SELECT *\nFROM `...', 0)
#1 C:\xampp\htdocs\api\system\Database\BaseConnection.php(693): CodeIgniter\Database\MySQLi\Connection->execute('SELECT *\nFROM `...')
#2 C:\xampp\htdocs\api\system\Database\BaseConnection.php(607): CodeIgniter\Database\BaseConnection->simpleQuery('SELECT *\nFROM `...')
#3 C:\xampp\htdocs\api\system\Database\BaseBuilder.php(1616): CodeIgniter\Database\BaseConnection->query('SELECT *\nFROM `...', Array, false)
#4 C:\xampp\htdocs\api\system\Model.php(872): CodeIgniter\Database\BaseBuilder->get()
#5 C:\xampp\htdocs\api\app\Models\ModelUser.php(34): CodeIgniter\Model->__call('get', Array)
#6 C:\xampp\htdocs\api\app\Controllers\login.php(26): App\Models\ModelUser->cekUseremail('aay@gmail.com')
#7 C:\xampp\htdocs\api\system\CodeIgniter.php(941): App\Controllers\login->login()
#8 C:\xampp\htdocs\api\system\CodeIgniter.php(502): CodeIgniter\CodeIgniter->runController(Object(App\Controllers\login))
#9 C:\xampp\htdocs\api\system\CodeIgniter.php(361): CodeIgniter\CodeIgniter->handleRequest(NULL, Object(Config\Cache), false)
#10 C:\xampp\htdocs\api\index.php(79): CodeIgniter\CodeIgniter->run()
#11 {main}
CRITICAL - 2024-05-21 03:58:52 --> CodeIgniter\Database\Exceptions\DatabaseException: Table 'salonlilyan.user' doesn't exist
in SYSTEMPATH\Database\BaseConnection.php on line 647.
 1 SYSTEMPATH\Database\BaseBuilder.php(1616): CodeIgniter\Database\BaseConnection->query('SELECT *
FROM `user`
WHERE `email` = :email:', [...], false)
 2 SYSTEMPATH\Model.php(872): CodeIgniter\Database\BaseBuilder->get()
 3 APPPATH\Models\ModelUser.php(34): CodeIgniter\Model->__call('get', [])
 4 APPPATH\Controllers\login.php(26): App\Models\ModelUser->cekUseremail('aay@gmail.com')
 5 SYSTEMPATH\CodeIgniter.php(941): App\Controllers\login->login()
 6 SYSTEMPATH\CodeIgniter.php(502): CodeIgniter\CodeIgniter->runController(Object(App\Controllers\login))
 7 SYSTEMPATH\CodeIgniter.php(361): CodeIgniter\CodeIgniter->handleRequest(null, Object(Config\Cache), false)
 8 FCPATH\index.php(79): CodeIgniter\CodeIgniter->run()
CRITICAL - 2024-05-21 03:58:52 --> [Caused by] CodeIgniter\Database\Exceptions\DatabaseException: Table 'salonlilyan.user' doesn't exist
in SYSTEMPATH\Database\MySQLi\Connection.php on line 311.
 1 SYSTEMPATH\Database\BaseConnection.php(693): CodeIgniter\Database\MySQLi\Connection->execute('SELECT *
FROM `user`
WHERE `email` = \'aay@gmail.com\'')
 2 SYSTEMPATH\Database\BaseConnection.php(607): CodeIgniter\Database\BaseConnection->simpleQuery('SELECT *
FROM `user`
WHERE `email` = \'aay@gmail.com\'')
 3 SYSTEMPATH\Database\BaseBuilder.php(1616): CodeIgniter\Database\BaseConnection->query('SELECT *
FROM `user`
WHERE `email` = :email:', [...], false)
 4 SYSTEMPATH\Model.php(872): CodeIgniter\Database\BaseBuilder->get()
 5 APPPATH\Models\ModelUser.php(34): CodeIgniter\Model->__call('get', [])
 6 APPPATH\Controllers\login.php(26): App\Models\ModelUser->cekUseremail('aay@gmail.com')
 7 SYSTEMPATH\CodeIgniter.php(941): App\Controllers\login->login()
 8 SYSTEMPATH\CodeIgniter.php(502): CodeIgniter\CodeIgniter->runController(Object(App\Controllers\login))
 9 SYSTEMPATH\CodeIgniter.php(361): CodeIgniter\CodeIgniter->handleRequest(null, Object(Config\Cache), false)
10 FCPATH\index.php(79): CodeIgniter\CodeIgniter->run()
CRITICAL - 2024-05-21 03:58:52 --> [Caused by] mysqli_sql_exception: Table 'salonlilyan.user' doesn't exist
in SYSTEMPATH\Database\MySQLi\Connection.php on line 306.
 1 SYSTEMPATH\Database\MySQLi\Connection.php(306): mysqli->query('SELECT *
FROM `user`
WHERE `email` = \'aay@gmail.com\'', 0)
 2 SYSTEMPATH\Database\BaseConnection.php(693): CodeIgniter\Database\MySQLi\Connection->execute('SELECT *
FROM `user`
WHERE `email` = \'aay@gmail.com\'')
 3 SYSTEMPATH\Database\BaseConnection.php(607): CodeIgniter\Database\BaseConnection->simpleQuery('SELECT *
FROM `user`
WHERE `email` = \'aay@gmail.com\'')
 4 SYSTEMPATH\Database\BaseBuilder.php(1616): CodeIgniter\Database\BaseConnection->query('SELECT *
FROM `user`
WHERE `email` = :email:', [...], false)
 5 SYSTEMPATH\Model.php(872): CodeIgniter\Database\BaseBuilder->get()
 6 APPPATH\Models\ModelUser.php(34): CodeIgniter\Model->__call('get', [])
 7 APPPATH\Controllers\login.php(26): App\Models\ModelUser->cekUseremail('aay@gmail.com')
 8 SYSTEMPATH\CodeIgniter.php(941): App\Controllers\login->login()
 9 SYSTEMPATH\CodeIgniter.php(502): CodeIgniter\CodeIgniter->runController(Object(App\Controllers\login))
10 SYSTEMPATH\CodeIgniter.php(361): CodeIgniter\CodeIgniter->handleRequest(null, Object(Config\Cache), false)
11 FCPATH\index.php(79): CodeIgniter\CodeIgniter->run()
CRITICAL - 2024-05-21 06:32:08 --> ErrorException: Undefined variable $name
in APPPATH\Controllers\login.php on line 31.
 1 APPPATH\Controllers\login.php(31): CodeIgniter\Debug\Exceptions->errorHandler(2, 'Undefined variable $name', 'C:\\xampp\\htdocs\\api\\app\\Controllers\\login.php', 31)
 2 SYSTEMPATH\CodeIgniter.php(941): App\Controllers\login->login()
 3 SYSTEMPATH\CodeIgniter.php(502): CodeIgniter\CodeIgniter->runController(Object(App\Controllers\login))
 4 SYSTEMPATH\CodeIgniter.php(361): CodeIgniter\CodeIgniter->handleRequest(null, Object(Config\Cache), false)
 5 FCPATH\index.php(79): CodeIgniter\CodeIgniter->run()
CRITICAL - 2024-05-21 06:32:54 --> ErrorException: Undefined variable $name
in APPPATH\Controllers\login.php on line 31.
 1 APPPATH\Controllers\login.php(31): CodeIgniter\Debug\Exceptions->errorHandler(2, 'Undefined variable $name', 'C:\\xampp\\htdocs\\api\\app\\Controllers\\login.php', 31)
 2 SYSTEMPATH\CodeIgniter.php(941): App\Controllers\login->login()
 3 SYSTEMPATH\CodeIgniter.php(502): CodeIgniter\CodeIgniter->runController(Object(App\Controllers\login))
 4 SYSTEMPATH\CodeIgniter.php(361): CodeIgniter\CodeIgniter->handleRequest(null, Object(Config\Cache), false)
 5 FCPATH\index.php(79): CodeIgniter\CodeIgniter->run()
CRITICAL - 2024-05-21 06:33:37 --> ErrorException: Undefined variable $name
in APPPATH\Controllers\login.php on line 31.
 1 APPPATH\Controllers\login.php(31): CodeIgniter\Debug\Exceptions->errorHandler(2, 'Undefined variable $name', 'C:\\xampp\\htdocs\\api\\app\\Controllers\\login.php', 31)
 2 SYSTEMPATH\CodeIgniter.php(941): App\Controllers\login->login()
 3 SYSTEMPATH\CodeIgniter.php(502): CodeIgniter\CodeIgniter->runController(Object(App\Controllers\login))
 4 SYSTEMPATH\CodeIgniter.php(361): CodeIgniter\CodeIgniter->handleRequest(null, Object(Config\Cache), false)
 5 FCPATH\index.php(79): CodeIgniter\CodeIgniter->run()
CRITICAL - 2024-05-21 06:33:42 --> ErrorException: Undefined variable $name
in APPPATH\Controllers\login.php on line 31.
 1 APPPATH\Controllers\login.php(31): CodeIgniter\Debug\Exceptions->errorHandler(2, 'Undefined variable $name', 'C:\\xampp\\htdocs\\api\\app\\Controllers\\login.php', 31)
 2 SYSTEMPATH\CodeIgniter.php(941): App\Controllers\login->login()
 3 SYSTEMPATH\CodeIgniter.php(502): CodeIgniter\CodeIgniter->runController(Object(App\Controllers\login))
 4 SYSTEMPATH\CodeIgniter.php(361): CodeIgniter\CodeIgniter->handleRequest(null, Object(Config\Cache), false)
 5 FCPATH\index.php(79): CodeIgniter\CodeIgniter->run()
CRITICAL - 2024-05-21 06:33:51 --> ErrorException: Undefined variable $name
in APPPATH\Controllers\login.php on line 31.
 1 APPPATH\Controllers\login.php(31): CodeIgniter\Debug\Exceptions->errorHandler(2, 'Undefined variable $name', 'C:\\xampp\\htdocs\\api\\app\\Controllers\\login.php', 31)
 2 SYSTEMPATH\CodeIgniter.php(941): App\Controllers\login->login()
 3 SYSTEMPATH\CodeIgniter.php(502): CodeIgniter\CodeIgniter->runController(Object(App\Controllers\login))
 4 SYSTEMPATH\CodeIgniter.php(361): CodeIgniter\CodeIgniter->handleRequest(null, Object(Config\Cache), false)
 5 FCPATH\index.php(79): CodeIgniter\CodeIgniter->run()
CRITICAL - 2024-05-21 06:33:58 --> ErrorException: Undefined variable $name
in APPPATH\Controllers\login.php on line 31.
 1 APPPATH\Controllers\login.php(31): CodeIgniter\Debug\Exceptions->errorHandler(2, 'Undefined variable $name', 'C:\\xampp\\htdocs\\api\\app\\Controllers\\login.php', 31)
 2 SYSTEMPATH\CodeIgniter.php(941): App\Controllers\login->login()
 3 SYSTEMPATH\CodeIgniter.php(502): CodeIgniter\CodeIgniter->runController(Object(App\Controllers\login))
 4 SYSTEMPATH\CodeIgniter.php(361): CodeIgniter\CodeIgniter->handleRequest(null, Object(Config\Cache), false)
 5 FCPATH\index.php(79): CodeIgniter\CodeIgniter->run()
ERROR - 2024-05-21 08:15:37 --> Error connecting to the database: mysqli_sql_exception: No connection could be made because the target machine actively refused it in C:\xampp\htdocs\api\system\Database\MySQLi\Connection.php:184
Stack trace:
#0 C:\xampp\htdocs\api\system\Database\MySQLi\Connection.php(184): mysqli->real_connect('localhost', 'root', Object(SensitiveParameterValue), 'salonlilyan', 3306, '', 0)
#1 C:\xampp\htdocs\api\system\Database\BaseConnection.php(392): CodeIgniter\Database\MySQLi\Connection->connect(false)
#2 C:\xampp\htdocs\api\system\Database\BaseConnection.php(575): CodeIgniter\Database\BaseConnection->initialize()
#3 C:\xampp\htdocs\api\system\Database\BaseBuilder.php(1616): CodeIgniter\Database\BaseConnection->query('SELECT *\nFROM `...', Array, false)
#4 C:\xampp\htdocs\api\system\Model.php(872): CodeIgniter\Database\BaseBuilder->get()
#5 C:\xampp\htdocs\api\app\Models\ModelUser.php(34): CodeIgniter\Model->__call('get', Array)
#6 C:\xampp\htdocs\api\app\Controllers\login.php(26): App\Models\ModelUser->cekUseremail('admin@gmail.com')
#7 C:\xampp\htdocs\api\system\CodeIgniter.php(941): App\Controllers\login->login()
#8 C:\xampp\htdocs\api\system\CodeIgniter.php(502): CodeIgniter\CodeIgniter->runController(Object(App\Controllers\login))
#9 C:\xampp\htdocs\api\system\CodeIgniter.php(361): CodeIgniter\CodeIgniter->handleRequest(NULL, Object(Config\Cache), false)
#10 C:\xampp\htdocs\api\index.php(79): CodeIgniter\CodeIgniter->run()
#11 {main}

Next CodeIgniter\Database\Exceptions\DatabaseException: No connection could be made because the target machine actively refused it in C:\xampp\htdocs\api\system\Database\MySQLi\Connection.php:229
Stack trace:
#0 C:\xampp\htdocs\api\system\Database\BaseConnection.php(392): CodeIgniter\Database\MySQLi\Connection->connect(false)
#1 C:\xampp\htdocs\api\system\Database\BaseConnection.php(575): CodeIgniter\Database\BaseConnection->initialize()
#2 C:\xampp\htdocs\api\system\Database\BaseBuilder.php(1616): CodeIgniter\Database\BaseConnection->query('SELECT *\nFROM `...', Array, false)
#3 C:\xampp\htdocs\api\system\Model.php(872): CodeIgniter\Database\BaseBuilder->get()
#4 C:\xampp\htdocs\api\app\Models\ModelUser.php(34): CodeIgniter\Model->__call('get', Array)
#5 C:\xampp\htdocs\api\app\Controllers\login.php(26): App\Models\ModelUser->cekUseremail('admin@gmail.com')
#6 C:\xampp\htdocs\api\system\CodeIgniter.php(941): App\Controllers\login->login()
#7 C:\xampp\htdocs\api\system\CodeIgniter.php(502): CodeIgniter\CodeIgniter->runController(Object(App\Controllers\login))
#8 C:\xampp\htdocs\api\system\CodeIgniter.php(361): CodeIgniter\CodeIgniter->handleRequest(NULL, Object(Config\Cache), false)
#9 C:\xampp\htdocs\api\index.php(79): CodeIgniter\CodeIgniter->run()
#10 {main}
CRITICAL - 2024-05-21 08:15:37 --> CodeIgniter\Database\Exceptions\DatabaseException: Unable to connect to the database.
Main connection [MySQLi]: No connection could be made because the target machine actively refused it
in SYSTEMPATH\Database\BaseConnection.php on line 428.
 1 SYSTEMPATH\Database\BaseConnection.php(575): CodeIgniter\Database\BaseConnection->initialize()
 2 SYSTEMPATH\Database\BaseBuilder.php(1616): CodeIgniter\Database\BaseConnection->query('SELECT *
FROM `users`
WHERE `email` = :email:', [...], false)
 3 SYSTEMPATH\Model.php(872): CodeIgniter\Database\BaseBuilder->get()
 4 APPPATH\Models\ModelUser.php(34): CodeIgniter\Model->__call('get', [])
 5 APPPATH\Controllers\login.php(26): App\Models\ModelUser->cekUseremail('admin@gmail.com')
 6 SYSTEMPATH\CodeIgniter.php(941): App\Controllers\login->login()
 7 SYSTEMPATH\CodeIgniter.php(502): CodeIgniter\CodeIgniter->runController(Object(App\Controllers\login))
 8 SYSTEMPATH\CodeIgniter.php(361): CodeIgniter\CodeIgniter->handleRequest(null, Object(Config\Cache), false)
 9 FCPATH\index.php(79): CodeIgniter\CodeIgniter->run()
ERROR - 2024-05-21 08:17:20 --> Error connecting to the database: mysqli_sql_exception: No connection could be made because the target machine actively refused it in C:\xampp\htdocs\api\system\Database\MySQLi\Connection.php:184
Stack trace:
#0 C:\xampp\htdocs\api\system\Database\MySQLi\Connection.php(184): mysqli->real_connect('localhost', 'root', Object(SensitiveParameterValue), 'salonlilyan', 3306, '', 0)
#1 C:\xampp\htdocs\api\system\Database\BaseConnection.php(392): CodeIgniter\Database\MySQLi\Connection->connect(false)
#2 C:\xampp\htdocs\api\system\Database\BaseConnection.php(575): CodeIgniter\Database\BaseConnection->initialize()
#3 C:\xampp\htdocs\api\system\Database\BaseBuilder.php(1616): CodeIgniter\Database\BaseConnection->query('SELECT *\nFROM `...', Array, false)
#4 C:\xampp\htdocs\api\system\Model.php(872): CodeIgniter\Database\BaseBuilder->get()
#5 C:\xampp\htdocs\api\app\Models\ModelUser.php(34): CodeIgniter\Model->__call('get', Array)
#6 C:\xampp\htdocs\api\app\Controllers\login.php(26): App\Models\ModelUser->cekUseremail('admin@gmail.com')
#7 C:\xampp\htdocs\api\system\CodeIgniter.php(941): App\Controllers\login->login()
#8 C:\xampp\htdocs\api\system\CodeIgniter.php(502): CodeIgniter\CodeIgniter->runController(Object(App\Controllers\login))
#9 C:\xampp\htdocs\api\system\CodeIgniter.php(361): CodeIgniter\CodeIgniter->handleRequest(NULL, Object(Config\Cache), false)
#10 C:\xampp\htdocs\api\index.php(79): CodeIgniter\CodeIgniter->run()
#11 {main}

Next CodeIgniter\Database\Exceptions\DatabaseException: No connection could be made because the target machine actively refused it in C:\xampp\htdocs\api\system\Database\MySQLi\Connection.php:229
Stack trace:
#0 C:\xampp\htdocs\api\system\Database\BaseConnection.php(392): CodeIgniter\Database\MySQLi\Connection->connect(false)
#1 C:\xampp\htdocs\api\system\Database\BaseConnection.php(575): CodeIgniter\Database\BaseConnection->initialize()
#2 C:\xampp\htdocs\api\system\Database\BaseBuilder.php(1616): CodeIgniter\Database\BaseConnection->query('SELECT *\nFROM `...', Array, false)
#3 C:\xampp\htdocs\api\system\Model.php(872): CodeIgniter\Database\BaseBuilder->get()
#4 C:\xampp\htdocs\api\app\Models\ModelUser.php(34): CodeIgniter\Model->__call('get', Array)
#5 C:\xampp\htdocs\api\app\Controllers\login.php(26): App\Models\ModelUser->cekUseremail('admin@gmail.com')
#6 C:\xampp\htdocs\api\system\CodeIgniter.php(941): App\Controllers\login->login()
#7 C:\xampp\htdocs\api\system\CodeIgniter.php(502): CodeIgniter\CodeIgniter->runController(Object(App\Controllers\login))
#8 C:\xampp\htdocs\api\system\CodeIgniter.php(361): CodeIgniter\CodeIgniter->handleRequest(NULL, Object(Config\Cache), false)
#9 C:\xampp\htdocs\api\index.php(79): CodeIgniter\CodeIgniter->run()
#10 {main}
CRITICAL - 2024-05-21 08:17:20 --> CodeIgniter\Database\Exceptions\DatabaseException: Unable to connect to the database.
Main connection [MySQLi]: No connection could be made because the target machine actively refused it
in SYSTEMPATH\Database\BaseConnection.php on line 428.
 1 SYSTEMPATH\Database\BaseConnection.php(575): CodeIgniter\Database\BaseConnection->initialize()
 2 SYSTEMPATH\Database\BaseBuilder.php(1616): CodeIgniter\Database\BaseConnection->query('SELECT *
FROM `users`
WHERE `email` = :email:', [...], false)
 3 SYSTEMPATH\Model.php(872): CodeIgniter\Database\BaseBuilder->get()
 4 APPPATH\Models\ModelUser.php(34): CodeIgniter\Model->__call('get', [])
 5 APPPATH\Controllers\login.php(26): App\Models\ModelUser->cekUseremail('admin@gmail.com')
 6 SYSTEMPATH\CodeIgniter.php(941): App\Controllers\login->login()
 7 SYSTEMPATH\CodeIgniter.php(502): CodeIgniter\CodeIgniter->runController(Object(App\Controllers\login))
 8 SYSTEMPATH\CodeIgniter.php(361): CodeIgniter\CodeIgniter->handleRequest(null, Object(Config\Cache), false)
 9 FCPATH\index.php(79): CodeIgniter\CodeIgniter->run()
ERROR - 2024-05-21 08:20:08 --> Error connecting to the database: mysqli_sql_exception: No connection could be made because the target machine actively refused it in C:\xampp\htdocs\api\system\Database\MySQLi\Connection.php:184
Stack trace:
#0 C:\xampp\htdocs\api\system\Database\MySQLi\Connection.php(184): mysqli->real_connect('localhost', 'root', Object(SensitiveParameterValue), 'salonlilyan', 3306, '', 0)
#1 C:\xampp\htdocs\api\system\Database\BaseConnection.php(392): CodeIgniter\Database\MySQLi\Connection->connect(false)
#2 C:\xampp\htdocs\api\system\Database\BaseConnection.php(575): CodeIgniter\Database\BaseConnection->initialize()
#3 C:\xampp\htdocs\api\system\Database\BaseBuilder.php(1616): CodeIgniter\Database\BaseConnection->query('SELECT *\nFROM `...', Array, false)
#4 C:\xampp\htdocs\api\system\Model.php(872): CodeIgniter\Database\BaseBuilder->get()
#5 C:\xampp\htdocs\api\app\Models\ModelUser.php(34): CodeIgniter\Model->__call('get', Array)
#6 C:\xampp\htdocs\api\app\Controllers\login.php(26): App\Models\ModelUser->cekUseremail('admin@gmail.com')
#7 C:\xampp\htdocs\api\system\CodeIgniter.php(941): App\Controllers\login->login()
#8 C:\xampp\htdocs\api\system\CodeIgniter.php(502): CodeIgniter\CodeIgniter->runController(Object(App\Controllers\login))
#9 C:\xampp\htdocs\api\system\CodeIgniter.php(361): CodeIgniter\CodeIgniter->handleRequest(NULL, Object(Config\Cache), false)
#10 C:\xampp\htdocs\api\index.php(79): CodeIgniter\CodeIgniter->run()
#11 {main}

Next CodeIgniter\Database\Exceptions\DatabaseException: No connection could be made because the target machine actively refused it in C:\xampp\htdocs\api\system\Database\MySQLi\Connection.php:229
Stack trace:
#0 C:\xampp\htdocs\api\system\Database\BaseConnection.php(392): CodeIgniter\Database\MySQLi\Connection->connect(false)
#1 C:\xampp\htdocs\api\system\Database\BaseConnection.php(575): CodeIgniter\Database\BaseConnection->initialize()
#2 C:\xampp\htdocs\api\system\Database\BaseBuilder.php(1616): CodeIgniter\Database\BaseConnection->query('SELECT *\nFROM `...', Array, false)
#3 C:\xampp\htdocs\api\system\Model.php(872): CodeIgniter\Database\BaseBuilder->get()
#4 C:\xampp\htdocs\api\app\Models\ModelUser.php(34): CodeIgniter\Model->__call('get', Array)
#5 C:\xampp\htdocs\api\app\Controllers\login.php(26): App\Models\ModelUser->cekUseremail('admin@gmail.com')
#6 C:\xampp\htdocs\api\system\CodeIgniter.php(941): App\Controllers\login->login()
#7 C:\xampp\htdocs\api\system\CodeIgniter.php(502): CodeIgniter\CodeIgniter->runController(Object(App\Controllers\login))
#8 C:\xampp\htdocs\api\system\CodeIgniter.php(361): CodeIgniter\CodeIgniter->handleRequest(NULL, Object(Config\Cache), false)
#9 C:\xampp\htdocs\api\index.php(79): CodeIgniter\CodeIgniter->run()
#10 {main}
CRITICAL - 2024-05-21 08:20:08 --> CodeIgniter\Database\Exceptions\DatabaseException: Unable to connect to the database.
Main connection [MySQLi]: No connection could be made because the target machine actively refused it
in SYSTEMPATH\Database\BaseConnection.php on line 428.
 1 SYSTEMPATH\Database\BaseConnection.php(575): CodeIgniter\Database\BaseConnection->initialize()
 2 SYSTEMPATH\Database\BaseBuilder.php(1616): CodeIgniter\Database\BaseConnection->query('SELECT *
FROM `users`
WHERE `email` = :email:', [...], false)
 3 SYSTEMPATH\Model.php(872): CodeIgniter\Database\BaseBuilder->get()
 4 APPPATH\Models\ModelUser.php(34): CodeIgniter\Model->__call('get', [])
 5 APPPATH\Controllers\login.php(26): App\Models\ModelUser->cekUseremail('admin@gmail.com')
 6 SYSTEMPATH\CodeIgniter.php(941): App\Controllers\login->login()
 7 SYSTEMPATH\CodeIgniter.php(502): CodeIgniter\CodeIgniter->runController(Object(App\Controllers\login))
 8 SYSTEMPATH\CodeIgniter.php(361): CodeIgniter\CodeIgniter->handleRequest(null, Object(Config\Cache), false)
 9 FCPATH\index.php(79): CodeIgniter\CodeIgniter->run()
ERROR - 2024-05-21 08:20:42 --> Error connecting to the database: mysqli_sql_exception: No connection could be made because the target machine actively refused it in C:\xampp\htdocs\api\system\Database\MySQLi\Connection.php:184
Stack trace:
#0 C:\xampp\htdocs\api\system\Database\MySQLi\Connection.php(184): mysqli->real_connect('localhost', 'root', Object(SensitiveParameterValue), 'salonlilyan', 3306, '', 0)
#1 C:\xampp\htdocs\api\system\Database\BaseConnection.php(392): CodeIgniter\Database\MySQLi\Connection->connect(false)
#2 C:\xampp\htdocs\api\system\Database\BaseConnection.php(575): CodeIgniter\Database\BaseConnection->initialize()
#3 C:\xampp\htdocs\api\system\Database\BaseBuilder.php(1616): CodeIgniter\Database\BaseConnection->query('SELECT *\nFROM `...', Array, false)
#4 C:\xampp\htdocs\api\system\Model.php(872): CodeIgniter\Database\BaseBuilder->get()
#5 C:\xampp\htdocs\api\app\Models\ModelUser.php(34): CodeIgniter\Model->__call('get', Array)
#6 C:\xampp\htdocs\api\app\Controllers\login.php(26): App\Models\ModelUser->cekUseremail('admin@gmail.com')
#7 C:\xampp\htdocs\api\system\CodeIgniter.php(941): App\Controllers\login->login()
#8 C:\xampp\htdocs\api\system\CodeIgniter.php(502): CodeIgniter\CodeIgniter->runController(Object(App\Controllers\login))
#9 C:\xampp\htdocs\api\system\CodeIgniter.php(361): CodeIgniter\CodeIgniter->handleRequest(NULL, Object(Config\Cache), false)
#10 C:\xampp\htdocs\api\index.php(79): CodeIgniter\CodeIgniter->run()
#11 {main}

Next CodeIgniter\Database\Exceptions\DatabaseException: No connection could be made because the target machine actively refused it in C:\xampp\htdocs\api\system\Database\MySQLi\Connection.php:229
Stack trace:
#0 C:\xampp\htdocs\api\system\Database\BaseConnection.php(392): CodeIgniter\Database\MySQLi\Connection->connect(false)
#1 C:\xampp\htdocs\api\system\Database\BaseConnection.php(575): CodeIgniter\Database\BaseConnection->initialize()
#2 C:\xampp\htdocs\api\system\Database\BaseBuilder.php(1616): CodeIgniter\Database\BaseConnection->query('SELECT *\nFROM `...', Array, false)
#3 C:\xampp\htdocs\api\system\Model.php(872): CodeIgniter\Database\BaseBuilder->get()
#4 C:\xampp\htdocs\api\app\Models\ModelUser.php(34): CodeIgniter\Model->__call('get', Array)
#5 C:\xampp\htdocs\api\app\Controllers\login.php(26): App\Models\ModelUser->cekUseremail('admin@gmail.com')
#6 C:\xampp\htdocs\api\system\CodeIgniter.php(941): App\Controllers\login->login()
#7 C:\xampp\htdocs\api\system\CodeIgniter.php(502): CodeIgniter\CodeIgniter->runController(Object(App\Controllers\login))
#8 C:\xampp\htdocs\api\system\CodeIgniter.php(361): CodeIgniter\CodeIgniter->handleRequest(NULL, Object(Config\Cache), false)
#9 C:\xampp\htdocs\api\index.php(79): CodeIgniter\CodeIgniter->run()
#10 {main}
CRITICAL - 2024-05-21 08:20:42 --> CodeIgniter\Database\Exceptions\DatabaseException: Unable to connect to the database.
Main connection [MySQLi]: No connection could be made because the target machine actively refused it
in SYSTEMPATH\Database\BaseConnection.php on line 428.
 1 SYSTEMPATH\Database\BaseConnection.php(575): CodeIgniter\Database\BaseConnection->initialize()
 2 SYSTEMPATH\Database\BaseBuilder.php(1616): CodeIgniter\Database\BaseConnection->query('SELECT *
FROM `users`
WHERE `email` = :email:', [...], false)
 3 SYSTEMPATH\Model.php(872): CodeIgniter\Database\BaseBuilder->get()
 4 APPPATH\Models\ModelUser.php(34): CodeIgniter\Model->__call('get', [])
 5 APPPATH\Controllers\login.php(26): App\Models\ModelUser->cekUseremail('admin@gmail.com')
 6 SYSTEMPATH\CodeIgniter.php(941): App\Controllers\login->login()
 7 SYSTEMPATH\CodeIgniter.php(502): CodeIgniter\CodeIgniter->runController(Object(App\Controllers\login))
 8 SYSTEMPATH\CodeIgniter.php(361): CodeIgniter\CodeIgniter->handleRequest(null, Object(Config\Cache), false)
 9 FCPATH\index.php(79): CodeIgniter\CodeIgniter->run()
ERROR - 2024-05-21 12:15:46 --> mysqli_sql_exception: MySQL server has gone away in C:\xampp\htdocs\api\system\Database\MySQLi\Connection.php:306
Stack trace:
#0 C:\xampp\htdocs\api\system\Database\MySQLi\Connection.php(306): mysqli->query('SELECT *\nFROM `...', 0)
#1 C:\xampp\htdocs\api\system\Database\BaseConnection.php(693): CodeIgniter\Database\MySQLi\Connection->execute('SELECT *\nFROM `...')
#2 C:\xampp\htdocs\api\system\Database\BaseConnection.php(607): CodeIgniter\Database\BaseConnection->simpleQuery('SELECT *\nFROM `...')
#3 C:\xampp\htdocs\api\system\Database\BaseBuilder.php(1616): CodeIgniter\Database\BaseConnection->query('SELECT *\nFROM `...', Array, false)
#4 C:\xampp\htdocs\api\system\Model.php(872): CodeIgniter\Database\BaseBuilder->get()
#5 C:\xampp\htdocs\api\app\Models\ModelUser.php(34): CodeIgniter\Model->__call('get', Array)
#6 C:\xampp\htdocs\api\app\Controllers\login.php(26): App\Models\ModelUser->cekUseremail('admin@gmail.com')
#7 C:\xampp\htdocs\api\system\CodeIgniter.php(941): App\Controllers\login->login()
#8 C:\xampp\htdocs\api\system\CodeIgniter.php(502): CodeIgniter\CodeIgniter->runController(Object(App\Controllers\login))
#9 C:\xampp\htdocs\api\system\CodeIgniter.php(361): CodeIgniter\CodeIgniter->handleRequest(NULL, Object(Config\Cache), false)
#10 C:\xampp\htdocs\api\index.php(79): CodeIgniter\CodeIgniter->run()
#11 {main}
CRITICAL - 2024-05-21 12:15:46 --> CodeIgniter\Database\Exceptions\DatabaseException: MySQL server has gone away
in SYSTEMPATH\Database\BaseConnection.php on line 647.
 1 SYSTEMPATH\Database\BaseBuilder.php(1616): CodeIgniter\Database\BaseConnection->query('SELECT *
FROM `users`
WHERE `email` = :email:', [...], false)
 2 SYSTEMPATH\Model.php(872): CodeIgniter\Database\BaseBuilder->get()
 3 APPPATH\Models\ModelUser.php(34): CodeIgniter\Model->__call('get', [])
 4 APPPATH\Controllers\login.php(26): App\Models\ModelUser->cekUseremail('admin@gmail.com')
 5 SYSTEMPATH\CodeIgniter.php(941): App\Controllers\login->login()
 6 SYSTEMPATH\CodeIgniter.php(502): CodeIgniter\CodeIgniter->runController(Object(App\Controllers\login))
 7 SYSTEMPATH\CodeIgniter.php(361): CodeIgniter\CodeIgniter->handleRequest(null, Object(Config\Cache), false)
 8 FCPATH\index.php(79): CodeIgniter\CodeIgniter->run()
CRITICAL - 2024-05-21 12:15:46 --> [Caused by] CodeIgniter\Database\Exceptions\DatabaseException: MySQL server has gone away
in SYSTEMPATH\Database\MySQLi\Connection.php on line 311.
 1 SYSTEMPATH\Database\BaseConnection.php(693): CodeIgniter\Database\MySQLi\Connection->execute('SELECT *
FROM `users`
WHERE `email` = \'admin@gmail.com\'')
 2 SYSTEMPATH\Database\BaseConnection.php(607): CodeIgniter\Database\BaseConnection->simpleQuery('SELECT *
FROM `users`
WHERE `email` = \'admin@gmail.com\'')
 3 SYSTEMPATH\Database\BaseBuilder.php(1616): CodeIgniter\Database\BaseConnection->query('SELECT *
FROM `users`
WHERE `email` = :email:', [...], false)
 4 SYSTEMPATH\Model.php(872): CodeIgniter\Database\BaseBuilder->get()
 5 APPPATH\Models\ModelUser.php(34): CodeIgniter\Model->__call('get', [])
 6 APPPATH\Controllers\login.php(26): App\Models\ModelUser->cekUseremail('admin@gmail.com')
 7 SYSTEMPATH\CodeIgniter.php(941): App\Controllers\login->login()
 8 SYSTEMPATH\CodeIgniter.php(502): CodeIgniter\CodeIgniter->runController(Object(App\Controllers\login))
 9 SYSTEMPATH\CodeIgniter.php(361): CodeIgniter\CodeIgniter->handleRequest(null, Object(Config\Cache), false)
10 FCPATH\index.php(79): CodeIgniter\CodeIgniter->run()
CRITICAL - 2024-05-21 12:15:46 --> [Caused by] mysqli_sql_exception: MySQL server has gone away
in SYSTEMPATH\Database\MySQLi\Connection.php on line 306.
 1 SYSTEMPATH\Database\MySQLi\Connection.php(306): mysqli->query('SELECT *
FROM `users`
WHERE `email` = \'admin@gmail.com\'', 0)
 2 SYSTEMPATH\Database\BaseConnection.php(693): CodeIgniter\Database\MySQLi\Connection->execute('SELECT *
FROM `users`
WHERE `email` = \'admin@gmail.com\'')
 3 SYSTEMPATH\Database\BaseConnection.php(607): CodeIgniter\Database\BaseConnection->simpleQuery('SELECT *
FROM `users`
WHERE `email` = \'admin@gmail.com\'')
 4 SYSTEMPATH\Database\BaseBuilder.php(1616): CodeIgniter\Database\BaseConnection->query('SELECT *
FROM `users`
WHERE `email` = :email:', [...], false)
 5 SYSTEMPATH\Model.php(872): CodeIgniter\Database\BaseBuilder->get()
 6 APPPATH\Models\ModelUser.php(34): CodeIgniter\Model->__call('get', [])
 7 APPPATH\Controllers\login.php(26): App\Models\ModelUser->cekUseremail('admin@gmail.com')
 8 SYSTEMPATH\CodeIgniter.php(941): App\Controllers\login->login()
 9 SYSTEMPATH\CodeIgniter.php(502): CodeIgniter\CodeIgniter->runController(Object(App\Controllers\login))
10 SYSTEMPATH\CodeIgniter.php(361): CodeIgniter\CodeIgniter->handleRequest(null, Object(Config\Cache), false)
11 FCPATH\index.php(79): CodeIgniter\CodeIgniter->run()
ERROR - 2024-05-21 12:15:59 --> Error connecting to the database: mysqli_sql_exception: No connection could be made because the target machine actively refused it in C:\xampp\htdocs\api\system\Database\MySQLi\Connection.php:184
Stack trace:
#0 C:\xampp\htdocs\api\system\Database\MySQLi\Connection.php(184): mysqli->real_connect('localhost', 'root', Object(SensitiveParameterValue), 'salonlilyan', 3306, '', 0)
#1 C:\xampp\htdocs\api\system\Database\BaseConnection.php(392): CodeIgniter\Database\MySQLi\Connection->connect(false)
#2 C:\xampp\htdocs\api\system\Database\BaseConnection.php(575): CodeIgniter\Database\BaseConnection->initialize()
#3 C:\xampp\htdocs\api\system\Database\BaseBuilder.php(1616): CodeIgniter\Database\BaseConnection->query('SELECT *\nFROM `...', Array, false)
#4 C:\xampp\htdocs\api\system\Model.php(872): CodeIgniter\Database\BaseBuilder->get()
#5 C:\xampp\htdocs\api\app\Models\ModelUser.php(34): CodeIgniter\Model->__call('get', Array)
#6 C:\xampp\htdocs\api\app\Controllers\login.php(26): App\Models\ModelUser->cekUseremail(NULL)
#7 C:\xampp\htdocs\api\system\CodeIgniter.php(941): App\Controllers\login->login()
#8 C:\xampp\htdocs\api\system\CodeIgniter.php(502): CodeIgniter\CodeIgniter->runController(Object(App\Controllers\login))
#9 C:\xampp\htdocs\api\system\CodeIgniter.php(361): CodeIgniter\CodeIgniter->handleRequest(NULL, Object(Config\Cache), false)
#10 C:\xampp\htdocs\api\index.php(79): CodeIgniter\CodeIgniter->run()
#11 {main}

Next CodeIgniter\Database\Exceptions\DatabaseException: No connection could be made because the target machine actively refused it in C:\xampp\htdocs\api\system\Database\MySQLi\Connection.php:229
Stack trace:
#0 C:\xampp\htdocs\api\system\Database\BaseConnection.php(392): CodeIgniter\Database\MySQLi\Connection->connect(false)
#1 C:\xampp\htdocs\api\system\Database\BaseConnection.php(575): CodeIgniter\Database\BaseConnection->initialize()
#2 C:\xampp\htdocs\api\system\Database\BaseBuilder.php(1616): CodeIgniter\Database\BaseConnection->query('SELECT *\nFROM `...', Array, false)
#3 C:\xampp\htdocs\api\system\Model.php(872): CodeIgniter\Database\BaseBuilder->get()
#4 C:\xampp\htdocs\api\app\Models\ModelUser.php(34): CodeIgniter\Model->__call('get', Array)
#5 C:\xampp\htdocs\api\app\Controllers\login.php(26): App\Models\ModelUser->cekUseremail(NULL)
#6 C:\xampp\htdocs\api\system\CodeIgniter.php(941): App\Controllers\login->login()
#7 C:\xampp\htdocs\api\system\CodeIgniter.php(502): CodeIgniter\CodeIgniter->runController(Object(App\Controllers\login))
#8 C:\xampp\htdocs\api\system\CodeIgniter.php(361): CodeIgniter\CodeIgniter->handleRequest(NULL, Object(Config\Cache), false)
#9 C:\xampp\htdocs\api\index.php(79): CodeIgniter\CodeIgniter->run()
#10 {main}
CRITICAL - 2024-05-21 12:15:59 --> CodeIgniter\Database\Exceptions\DatabaseException: Unable to connect to the database.
Main connection [MySQLi]: No connection could be made because the target machine actively refused it
in SYSTEMPATH\Database\BaseConnection.php on line 428.
 1 SYSTEMPATH\Database\BaseConnection.php(575): CodeIgniter\Database\BaseConnection->initialize()
 2 SYSTEMPATH\Database\BaseBuilder.php(1616): CodeIgniter\Database\BaseConnection->query('SELECT *
FROM `users`
WHERE `email` IS NULL', [], false)
 3 SYSTEMPATH\Model.php(872): CodeIgniter\Database\BaseBuilder->get()
 4 APPPATH\Models\ModelUser.php(34): CodeIgniter\Model->__call('get', [])
 5 APPPATH\Controllers\login.php(26): App\Models\ModelUser->cekUseremail(null)
 6 SYSTEMPATH\CodeIgniter.php(941): App\Controllers\login->login()
 7 SYSTEMPATH\CodeIgniter.php(502): CodeIgniter\CodeIgniter->runController(Object(App\Controllers\login))
 8 SYSTEMPATH\CodeIgniter.php(361): CodeIgniter\CodeIgniter->handleRequest(null, Object(Config\Cache), false)
 9 FCPATH\index.php(79): CodeIgniter\CodeIgniter->run()
CRITICAL - 2024-05-21 15:19:12 --> ParseError: syntax error, unexpected single-quoted string "nomor_hp", expecting "]"
in APPPATH\Models\ModelUser.php on line 23.
 1 SYSTEMPATH\Autoloader\Autoloader.php(288): CodeIgniter\Autoloader\Autoloader->includeFile('C:\\xampp\\htdocs\\api\\app\\Models\\ModelUser.php')
 2 SYSTEMPATH\Autoloader\Autoloader.php(266): CodeIgniter\Autoloader\Autoloader->loadInNamespace('App\\Models\\ModelUser')
 3 APPPATH\Controllers\login.php(15): CodeIgniter\Autoloader\Autoloader->loadClass('App\\Models\\ModelUser')
 4 SYSTEMPATH\CodeIgniter.php(913): App\Controllers\login->__construct()
 5 SYSTEMPATH\CodeIgniter.php(493): CodeIgniter\CodeIgniter->createController()
 6 SYSTEMPATH\CodeIgniter.php(361): CodeIgniter\CodeIgniter->handleRequest(null, Object(Config\Cache), false)
 7 FCPATH\index.php(79): CodeIgniter\CodeIgniter->run()
CRITICAL - 2024-05-21 15:19:19 --> ParseError: syntax error, unexpected single-quoted string "nomor_hp", expecting "]"
in APPPATH\Models\ModelUser.php on line 23.
 1 SYSTEMPATH\Autoloader\Autoloader.php(288): CodeIgniter\Autoloader\Autoloader->includeFile('C:\\xampp\\htdocs\\api\\app\\Models\\ModelUser.php')
 2 SYSTEMPATH\Autoloader\Autoloader.php(266): CodeIgniter\Autoloader\Autoloader->loadInNamespace('App\\Models\\ModelUser')
 3 APPPATH\Controllers\login.php(15): CodeIgniter\Autoloader\Autoloader->loadClass('App\\Models\\ModelUser')
 4 SYSTEMPATH\CodeIgniter.php(913): App\Controllers\login->__construct()
 5 SYSTEMPATH\CodeIgniter.php(493): CodeIgniter\CodeIgniter->createController()
 6 SYSTEMPATH\CodeIgniter.php(361): CodeIgniter\CodeIgniter->handleRequest(null, Object(Config\Cache), false)
 7 FCPATH\index.php(79): CodeIgniter\CodeIgniter->run()
